2022-07-18 17:34:44,794 - pyswarms.single.global_best - INFO - Optimize for 10 iters with {'c1': 0.8, 'c2': 0.5, 'w': 0.7}
2022-07-18 17:34:51,725 - pyswarms.single.global_best - INFO - Optimization finished | best cost: -168.62881001879046, best pos: [ 16.84812139 -43.16253206  29.90577429   5.22156048  13.45849581
 -25.32824192  18.83701363   3.66122719  19.94198783   4.83662818
   0.08885114  21.15645973  14.66066794  38.37648684  22.84185385
 -13.24389133]
2022-07-18 17:36:16,788 - pyswarms.single.global_best - INFO - Optimize for 10 iters with {'c1': 0.8, 'c2': 0.5, 'w': 0.7}
2022-07-18 17:37:39,912 - pyswarms.single.global_best - INFO - Optimize for 10 iters with {'c1': 0.8, 'c2': 0.5, 'w': 0.7}
2022-07-18 17:37:55,368 - pyswarms.single.global_best - INFO - Optimize for 30 iters with {'c1': 0.8, 'c2': 0.5, 'w': 0.7}
2022-07-18 17:41:26,402 - pyswarms.single.global_best - INFO - Optimize for 10 iters with {'c1': 0.8, 'c2': 0.5, 'w': 0.7}
2022-07-18 17:41:43,784 - pyswarms.single.global_best - INFO - Optimization finished | best cost: -34.45768896355656, best pos: [-4.23814349e+00 -3.19981848e+01  1.90268793e+01 -7.55509626e+00
  7.05125597e-03  2.54882561e+01  7.95010520e+00 -5.80105597e+00
 -2.86138780e+01  3.08430530e+01 -2.60728019e+01  4.03028314e+01
  1.86000584e+01  3.17414955e+01  2.52021500e+01  3.85652825e+01]
2022-07-18 17:41:47,880 - pyswarms.single.global_best - INFO - Optimize for 10 iters with {'c1': 0.8, 'c2': 0.5, 'w': 0.7}
2022-07-18 17:44:22,698 - pyswarms.single.global_best - INFO - Optimization finished | best cost: -247.45770977011162, best pos: [-28.1499855  -25.14771197 -36.4502862  -30.41626605   2.89945447
 -41.90303627 -18.80165825  25.39393896  -7.12733548 -17.02105544
 -36.64919345 -23.17525491  39.1681822   36.13217252   2.75766363
   6.29816566]
2022-07-21 13:57:33,203 - pyswarms.single.global_best - INFO - Optimize for 7 iters with {'c1': 0.8, 'c2': 0.5, 'w': 0.7}
2022-07-21 13:58:23,054 - pyswarms.single.global_best - INFO - Optimization finished | best cost: -235.81468795214505, best pos: [ -0.18584961 -26.19916001 -21.83896001 -20.26865493  -7.7458572
 -31.6379274  -31.32370437  -8.38898053 -12.61014518 -22.90259531
 -14.55578606 -16.76336357  26.10741494  21.40528356  34.4306324
  33.61978068]
2022-07-21 13:59:16,168 - pyswarms.single.global_best - INFO - Optimize for 7 iters with {'c1': 0.8, 'c2': 0.5, 'w': 0.7}
2022-07-21 13:59:29,096 - pyswarms.single.global_best - INFO - Optimization finished | best cost: -16.12860469532052, best pos: [  8.05232933 -39.02822532 -13.94388063 -15.87745787 -32.27878066
 -23.01972647  14.74904882 -10.90651535 -29.4669924  -32.42474005
 -32.35710103  -3.49980685  20.34497808  20.968008    13.81021448
   5.01839225]
2022-07-21 14:00:35,834 - pyswarms.single.global_best - INFO - Optimize for 7 iters with {'c1': 0.8, 'c2': 0.5, 'w': 0.7}
2022-07-21 14:03:33,446 - pyswarms.single.global_best - INFO - Optimization finished | best cost: -265.34417165066986, best pos: [  8.12529783  -4.95659916  18.64660773 -31.51400515 -33.17600475
  26.31706356  -7.39738634   6.92529488  -4.31854337 -20.41310725
 -26.24711072  -3.66050727  31.25897354   9.45132427  15.26937844
 -16.57301286]
2022-07-21 14:04:13,581 - pyswarms.single.global_best - INFO - Optimize for 7 iters with {'c1': 0.8, 'c2': 0.5, 'w': 0.7}
2022-07-21 14:04:18,903 - pyswarms.single.global_best - INFO - Optimization finished | best cost: -44.652191382269564, best pos: [ 15.43331249 -36.17520551 -20.84536997  18.25651253 -19.98177057
 -22.29952211  11.34114848 -24.81368893 -24.76743542  -7.41519342
  -7.07993152  12.36076028  30.60694865  13.96488202 -11.44408434
  14.42697473]
2022-07-21 14:04:55,520 - pyswarms.single.global_best - INFO - Optimize for 7 iters with {'c1': 0.8, 'c2': 0.5, 'w': 0.7}
2022-07-21 14:05:19,564 - pyswarms.single.global_best - INFO - Optimization finished | best cost: -247.37896394724416, best pos: [  8.10035731 -27.00262996 -16.16342395 -15.37753592  27.87923904
 -16.44771984  14.67007979 -16.06906394  30.5769333   -0.76035171
 -40.24142523  16.97425117  40.62837363  13.82819502   6.18310838
 -23.60372727]
2022-07-21 14:06:22,143 - pyswarms.single.global_best - INFO - Optimize for 7 iters with {'c1': 0.8, 'c2': 0.5, 'w': 0.7}
2022-07-21 14:06:34,548 - pyswarms.single.global_best - INFO - Optimization finished | best cost: -200.5686796306224, best pos: [ 2.96106825e+01 -1.47482770e+01  3.25773762e+01 -6.13328306e+00
  1.60628035e-02 -7.19078042e+00  1.90462174e+01 -1.25783444e+01
 -8.72639399e+00 -2.83428622e+01 -1.51478937e+01 -2.78097433e+01
  2.72690413e+01  3.44615405e+01 -3.45652212e+01 -3.88858297e+01]
2022-07-21 14:10:43,460 - pyswarms.single.global_best - INFO - Optimize for 7 iters with {'c1': 0.8, 'c2': 0.5, 'w': 0.7}
2022-07-21 15:07:00,250 - pyswarms.single.global_best - INFO - Optimize for 7 iters with {'c1': 0.8, 'c2': 0.5, 'w': 0.7}
2022-07-21 15:07:28,577 - pyswarms.single.global_best - INFO - Optimize for 1 iters with {'c1': 0.8, 'c2': 0.5, 'w': 0.7}
2022-07-21 15:07:29,492 - pyswarms.single.global_best - INFO - Optimization finished | best cost: 70.09779835152248, best pos: [  3.16831937 -41.41559615 -16.70749138 -20.83627672 -36.22257817
  39.41861137 -24.38158849  44.69838745  35.35756178  26.44870234
 -41.14349947  42.59018669  38.68474575  35.40168437  -5.91761397
  33.87999813]
2022-07-21 15:08:02,965 - pyswarms.single.global_best - INFO - Optimize for 1 iters with {'c1': 0.8, 'c2': 0.5, 'w': 0.7}
2022-07-21 15:08:03,871 - pyswarms.single.global_best - INFO - Optimization finished | best cost: 121.25047264856349, best pos: [-11.55814839 -48.94338064 -28.23705014 -10.54970847 -28.78525446
 -32.48335863 -44.21960766  -0.62461588   8.54528168   3.51176038
  34.50832572  10.33198981  12.53729363  27.2785143   28.50413745
 -24.62731555]
2022-07-21 15:11:20,155 - pyswarms.single.global_best - INFO - Optimize for 1 iters with {'c1': 0.8, 'c2': 0.5, 'w': 0.7}
2022-07-21 15:11:21,327 - pyswarms.single.global_best - INFO - Optimization finished | best cost: 170.99118060663847, best pos: [ -2.77039448 -23.58819212 -34.4205379  -25.1823547  -26.2402104
   6.75235824   7.91415888  14.53962477  12.91100712  20.31420619
 -47.38351016 -39.96664407  43.54869995  -4.20985204  32.16215626
  13.36292697]
2022-07-21 15:13:47,292 - pyswarms.single.global_best - INFO - Optimize for 1 iters with {'c1': 0.8, 'c2': 0.5, 'w': 0.7}
2022-07-21 15:13:49,451 - pyswarms.single.global_best - INFO - Optimization finished | best cost: 13.057931480396993, best pos: [ 38.62519489 -44.13419674  47.89980063 -30.60954657 -10.56680045
  16.31046811  44.22000605  21.90051309 -10.57144978  10.77240509
 -32.9734508    4.00663549  21.94299612  19.18206433   5.05840226
  -3.71099783]
2022-07-21 15:19:00,741 - pyswarms.single.global_best - INFO - Optimize for 1 iters with {'c1': 0.8, 'c2': 0.5, 'w': 0.7}
2022-07-21 15:19:01,658 - pyswarms.single.global_best - INFO - Optimization finished | best cost: 66.14418274980082, best pos: [ 29.50492911 -46.956293    33.97489218  22.94969287  28.06659398
 -28.03706621  27.70577526 -39.96428162 -46.70512465 -39.62893951
 -48.58672625 -23.44509339  24.6764584   23.4104473  -33.14425141
 -25.86495528]
2022-07-21 15:20:08,334 - pyswarms.single.global_best - INFO - Optimize for 1 iters with {'c1': 0.8, 'c2': 0.5, 'w': 0.7}
2022-07-21 15:20:09,306 - pyswarms.single.global_best - INFO - Optimization finished | best cost: 109.90841565310882, best pos: [-47.86847283 -33.29458936  46.83866349  25.68623668  44.28952222
  27.52822488  27.80373646  -8.31654323  24.6893456  -16.92932492
 -22.2165619    8.54038587  46.15469539  -4.01823819 -29.38182445
 -27.80133872]
2022-07-21 15:20:48,630 - pyswarms.single.global_best - INFO - Optimize for 1 iters with {'c1': 0.8, 'c2': 0.5, 'w': 0.7}
2022-07-21 15:20:49,663 - pyswarms.single.global_best - INFO - Optimization finished | best cost: 111.72773176009204, best pos: [-18.41555615 -15.06531467  49.09319454 -31.71204239 -33.20699652
   2.81689947 -24.51754967 -36.0944033  -24.28300188   0.72495598
 -13.40625696   4.64920419  -4.89722543  34.86464324  19.55735523
 -42.74549031]
2022-07-21 15:22:27,286 - pyswarms.single.global_best - INFO - Optimize for 1 iters with {'c1': 0.8, 'c2': 0.5, 'w': 0.7}
2022-07-21 15:22:29,570 - pyswarms.single.global_best - INFO - Optimization finished | best cost: 177.72737684300685, best pos: [-22.78911957 -38.20275499  -6.63051914  -9.06622056  21.52499523
 -16.91366008   8.2915014   34.11869518 -30.08011639  27.26018613
  -7.36141985  42.30830773  43.6650892   -7.57973948  46.09831964
 -23.13228225]
2022-07-21 15:22:29,570 - pyswarms.single.global_best - INFO - Optimize for 1 iters with {'c1': 0.8, 'c2': 0.5, 'w': 0.7}
2022-07-21 15:22:31,532 - pyswarms.single.global_best - INFO - Optimization finished | best cost: 4.501592416341609, best pos: [  3.90523356  -2.39478921 -40.58401643 -13.696637    21.43473575
 -23.96576487 -16.69396793  -3.95825657 -38.6782412    5.73867443
 -25.92811755   3.24316517  23.5927956   30.84704642  20.4963813
 -20.61706195]
2022-07-21 15:22:31,533 - pyswarms.single.global_best - INFO - Optimize for 1 iters with {'c1': 0.8, 'c2': 0.5, 'w': 0.7}
2022-07-21 15:22:38,341 - pyswarms.single.global_best - INFO - Optimization finished | best cost: -21.8234332216307, best pos: [-23.35469876  -8.25762782 -15.90360889  -9.48978722  22.65547325
   2.85780842  -5.38791177  19.08270541 -14.89199314  16.86733975
 -15.49399777  17.2416631   39.2037956   14.74082415  21.1873626
 -14.26589903]
2022-07-21 15:22:38,342 - pyswarms.single.global_best - INFO - Optimize for 1 iters with {'c1': 0.8, 'c2': 0.5, 'w': 0.7}
2022-07-21 15:22:45,245 - pyswarms.single.global_best - INFO - Optimization finished | best cost: -183.4121123215543, best pos: [-12.55088021 -10.59675831 -30.49569822 -11.57315409  21.45455198
 -12.3617192   -9.54579569   5.34920269 -29.31732025   8.4376816
 -13.31376669  14.03881138  37.26086519   8.08947846  24.27915824
 -19.39819774]
2022-07-21 15:22:45,246 - pyswarms.single.global_best - INFO - Optimize for 1 iters with {'c1': 0.8, 'c2': 0.5, 'w': 0.7}
2022-07-21 15:24:02,739 - pyswarms.single.global_best - INFO - Optimize for 1 iters with {'c1': 0.8, 'c2': 0.5, 'w': 0.7}
2022-07-21 15:24:05,013 - pyswarms.single.global_best - INFO - Optimization finished | best cost: 41.063754740335014, best pos: [ 41.51109047   2.32559059  23.50586753 -34.82680323 -47.25142521
   5.76802129  10.78472086   6.79782435  45.93772745  -4.77360526
   1.99829306 -30.93235769  13.98983043 -15.1319249   28.04714375
  -3.38766832]
2022-07-21 15:24:05,014 - pyswarms.single.global_best - INFO - Optimize for 1 iters with {'c1': 0.8, 'c2': 0.5, 'w': 0.7}
2022-07-21 15:24:07,309 - pyswarms.single.global_best - INFO - Optimization finished | best cost: 41.063754740335014, best pos: [  3.85988308   1.47189861  29.17998295 -34.62210436 -45.88258851
 -12.14047603  -9.308286    27.83271246  34.38837202 -23.72093079
  10.88271939 -37.60444431  37.80693609  16.88252042  -1.68938742
 -24.252659  ]
2022-07-21 15:24:07,309 - pyswarms.single.global_best - INFO - Optimize for 1 iters with {'c1': 0.8, 'c2': 0.5, 'w': 0.7}
2022-07-21 15:24:10,470 - pyswarms.single.global_best - INFO - Optimization finished | best cost: 41.063754740335014, best pos: [ 33.75083997  -7.62470068  30.43928313 -34.32540035 -45.28560977
   2.7579908    5.54423096  16.39635498  39.17697376 -11.461517
   6.62655696 -30.48669999  13.42542676 -11.92141472  16.02811096
  -0.30738546]
2022-07-21 15:24:10,471 - pyswarms.single.global_best - INFO - Optimize for 1 iters with {'c1': 0.8, 'c2': 0.5, 'w': 0.7}
2022-07-21 15:24:13,343 - pyswarms.single.global_best - INFO - Optimization finished | best cost: -49.66005860310278, best pos: [ 41.525927   -10.58740148  31.16691517 -33.90209577 -40.54550581
   7.17857292   2.05680058   9.76441981 -48.04123382  -1.56330017
   9.26645354 -26.8898582    5.38387396 -13.00047576  28.93507936
  -8.94377628]
2022-07-21 15:24:13,344 - pyswarms.single.global_best - INFO - Optimize for 1 iters with {'c1': 0.8, 'c2': 0.5, 'w': 0.7}
2022-07-21 15:24:15,599 - pyswarms.single.global_best - INFO - Optimization finished | best cost: -49.66005860310278, best pos: [-44.29496073  -1.93048021  25.18873007 -35.98245673 -36.19321861
   8.57848256  10.53778319   9.29017478 -30.13144668  -8.79175266
  13.02380585 -41.76335483  12.30494357 -12.36278656  42.22194116
   9.55161681]
2022-07-21 15:24:47,911 - pyswarms.single.global_best - INFO - Optimize for 1 iters with {'c1': 0.8, 'c2': 0.5, 'w': 0.7}
2022-07-21 15:24:49,848 - pyswarms.single.global_best - INFO - Optimization finished | best cost: 24.133940853895254, best pos: [-15.36759916 -41.92064549  -1.3872215  -42.54484891 -45.20417063
  49.53066041 -32.92876828 -20.19906874  45.9740514  -20.253507
 -22.04515024   0.70040289  42.07922541  22.84509082   4.47524362
 -22.12355488]
2022-07-21 15:24:49,848 - pyswarms.single.global_best - INFO - Optimize for 1 iters with {'c1': 0.8, 'c2': 0.5, 'w': 0.7}
2022-07-21 15:24:51,941 - pyswarms.single.global_best - INFO - Optimization finished | best cost: -31.19948767862968, best pos: [-14.68459666 -41.44423197  -1.12707592 -42.38265781 -44.69529451
 -49.91725616 -32.3975835  -19.84519041  46.02357268 -19.61469687
 -21.60306877   0.86551731  42.26780246  23.01549824   5.09111632
 -21.923035  ]
2022-07-21 15:24:51,942 - pyswarms.single.global_best - INFO - Optimize for 1 iters with {'c1': 0.8, 'c2': 0.5, 'w': 0.7}
2022-07-21 15:24:56,343 - pyswarms.single.global_best - INFO - Optimization finished | best cost: -229.64474322823568, best pos: [-25.38598336 -29.71972256   0.75950494 -43.73785956 -45.26219918
 -16.36985564 -28.29422196 -29.87523257  39.23678009 -21.28114319
 -16.92683646 -10.24542401  31.59253122  19.82657791  13.88949946
 -26.35925003]
2022-07-21 15:24:56,344 - pyswarms.single.global_best - INFO - Optimize for 1 iters with {'c1': 0.8, 'c2': 0.5, 'w': 0.7}
2022-07-21 15:25:01,038 - pyswarms.single.global_best - INFO - Optimization finished | best cost: -240.62869883725185, best pos: [-13.37277682 -46.62807641   0.5621109  -37.1854991   40.64295695
 -32.3964566  -37.497809   -24.38360513 -48.1559077  -11.30932987
 -13.04741849  -8.37045478  45.52376193  21.35620118  10.14306824
 -23.54030428]
2022-07-21 15:25:01,039 - pyswarms.single.global_best - INFO - Optimize for 1 iters with {'c1': 0.8, 'c2': 0.5, 'w': 0.7}
2022-07-21 15:25:07,065 - pyswarms.single.global_best - INFO - Optimization finished | best cost: -265.57970167615565, best pos: [-40.72139581 -38.25068217 -11.07960498 -40.72561076  -8.79168156
  -4.78018325 -32.91478009 -41.21610542  10.20667083  -9.1056448
 -32.39895173  -3.31812329  44.36770198  17.30876683  17.38800263
 -20.09529355]
2022-07-21 15:25:42,998 - pyswarms.single.global_best - INFO - Optimize for 1 iters with {'c1': 0.8, 'c2': 0.5, 'w': 0.7}
2022-07-21 15:25:44,864 - pyswarms.single.global_best - INFO - Optimization finished | best cost: -31.13515971677856, best pos: [  6.14810458 -20.87931746  34.53576908  32.66904443  33.5778813
 -48.82307816  10.04311588  10.89352182 -34.28743879  11.21829912
  -9.22688633  20.98756509   9.79931822  41.74300838  31.25606185
  27.1725706 ]
2022-07-21 15:25:44,864 - pyswarms.single.global_best - INFO - Optimize for 1 iters with {'c1': 0.8, 'c2': 0.5, 'w': 0.7}
2022-07-21 15:25:47,123 - pyswarms.single.global_best - INFO - Optimization finished | best cost: -31.13515971677856, best pos: [  6.48752323 -20.61402959  35.21667467  32.70361959  34.11344232
 -48.15005066  10.22255371  11.2234802  -34.27725962  11.23509475
  -8.68553455  21.36115576  10.36847154  42.23801577  31.58405703
  27.64627916]
2022-07-21 15:25:47,124 - pyswarms.single.global_best - INFO - Optimize for 1 iters with {'c1': 0.8, 'c2': 0.5, 'w': 0.7}
2022-07-21 15:25:48,963 - pyswarms.single.global_best - INFO - Optimization finished | best cost: -31.13515971677856, best pos: [  6.68559515 -20.45172331  35.41267931  32.71298686  34.32964025
 -47.8065446   10.31484817  11.34162516 -34.27345964  11.24456801
  -8.55384895  21.54611562  10.57026813  42.56071102  31.74610623
  27.8336906 ]
2022-07-21 15:25:48,963 - pyswarms.single.global_best - INFO - Optimize for 1 iters with {'c1': 0.8, 'c2': 0.5, 'w': 0.7}
2022-07-21 15:25:51,352 - pyswarms.single.global_best - INFO - Optimization finished | best cost: -31.13515971677856, best pos: [  6.39129754 -20.7655546   44.23804643  46.37551663  15.75792076
  36.96490148  16.86679941  11.77894052 -34.6690734   11.5377423
 -11.99252357  17.31837023   1.95150002  33.99632431  27.97448513
  22.28660988]
2022-07-21 15:25:51,352 - pyswarms.single.global_best - INFO - Optimize for 1 iters with {'c1': 0.8, 'c2': 0.5, 'w': 0.7}
2022-07-21 15:25:53,408 - pyswarms.single.global_best - INFO - Optimization finished | best cost: -31.13515971677856, best pos: [  7.03433547 -33.16537262  47.13268634 -40.73187501   3.8590764
 -34.59136684  26.77796878   2.92585584 -33.80961344  14.16138851
  -8.72261654  12.48785985  35.75652041  41.61364412  28.1139155
  49.02682701]
2022-07-21 15:26:35,475 - pyswarms.single.global_best - INFO - Optimize for 1 iters with {'c1': 0.8, 'c2': 0.5, 'w': 0.7}
2022-07-21 15:26:37,293 - pyswarms.single.global_best - INFO - Optimization finished | best cost: 16.1012828143231, best pos: [ 19.37639238  -7.63525828  -0.50527513  11.3026012   25.2191917
  25.37673716  35.22846765 -37.33027944  -6.58119896   6.58410737
 -13.03103393  -8.11205343  28.60923518  -9.2040839    9.97905061
   6.90022097]
2022-07-21 15:26:37,300 - pyswarms.single.global_best - INFO - Optimize for 1 iters with {'c1': 0.8, 'c2': 0.5, 'w': 0.7}
2022-07-21 15:26:39,609 - pyswarms.single.global_best - INFO - Optimization finished | best cost: -6.286870943966932, best pos: [-24.09111294 -32.45149827 -21.81903952  22.83376183  -7.87051275
  -0.84278169  45.06190838  29.64087482 -24.62494757 -13.92002172
   4.7756842   10.03627792  27.89761804  16.64729192 -28.29585444
 -14.67226669]
2022-07-21 15:26:39,609 - pyswarms.single.global_best - INFO - Optimize for 1 iters with {'c1': 0.8, 'c2': 0.5, 'w': 0.7}
2022-07-21 15:26:41,445 - pyswarms.single.global_best - INFO - Optimization finished | best cost: -6.286870943966932, best pos: [  4.5393548   -6.9835191   22.23816236  15.94595184  16.20910489
  23.91492538  35.11048007   2.31723581 -16.12050545   8.92161758
 -11.96483611   1.91005275  31.5124611   -4.97289463  -7.217034
   3.74009153]
2022-07-21 15:26:41,445 - pyswarms.single.global_best - INFO - Optimize for 1 iters with {'c1': 0.8, 'c2': 0.5, 'w': 0.7}
2022-07-21 15:26:43,196 - pyswarms.single.global_best - INFO - Optimization finished | best cost: -6.286870943966932, best pos: [ -4.16856017 -21.56846674 -12.09713576  35.31200112  10.86175178
  12.83977296  14.24401581  12.09002021 -16.55102768 -12.58194983
  30.8985451    2.99147863  17.83776619   4.18571048 -32.17115706
  -7.22734773]
2022-07-21 15:26:43,196 - pyswarms.single.global_best - INFO - Optimize for 1 iters with {'c1': 0.8, 'c2': 0.5, 'w': 0.7}
2022-07-21 15:26:44,725 - pyswarms.single.global_best - INFO - Optimization finished | best cost: -10.253856770792524, best pos: [-23.27506928 -31.55945797 -12.37628235  37.83098283  -7.01980753
   2.31866718  43.25815897  -6.39317788 -26.80655315 -33.05165709
  21.6482662   -7.69576094  33.85775416   8.37360571 -17.52570129
   1.95511851]
2022-07-21 15:26:44,726 - pyswarms.single.global_best - INFO - Optimize for 1 iters with {'c1': 0.8, 'c2': 0.5, 'w': 0.7}
2022-07-21 15:26:46,736 - pyswarms.single.global_best - INFO - Optimization finished | best cost: -10.253856770792524, best pos: [  3.71392482 -42.87436812 -12.44394439  28.27978378 -14.878906
  -6.25046953   9.94415761  34.37600156 -30.34366329 -12.63018388
   8.31353751  19.65097679  44.26647392  17.47169047 -18.39858915
  -1.93832059]
2022-07-21 15:26:46,736 - pyswarms.single.global_best - INFO - Optimize for 1 iters with {'c1': 0.8, 'c2': 0.5, 'w': 0.7}
2022-07-21 15:26:48,494 - pyswarms.single.global_best - INFO - Optimization finished | best cost: -10.253856770792524, best pos: [-40.0337371  -30.56994895 -32.40888376  28.54421733   0.547154
   8.36681034  49.0864462   40.04650763 -16.3158891  -39.41308722
  24.28110695  -3.72845082  41.52624479  11.51583918 -42.60274828
 -24.66494061]
2022-07-21 15:26:48,494 - pyswarms.single.global_best - INFO - Optimize for 1 iters with {'c1': 0.8, 'c2': 0.5, 'w': 0.7}
2022-07-21 15:26:50,241 - pyswarms.single.global_best - INFO - Optimization finished | best cost: -10.253856770792524, best pos: [-28.07943173 -29.57279105 -15.67984564  37.7706359    7.20290234
   7.400275    44.41851556   2.47833548 -21.45303736 -17.98097427
  13.45767344  10.98206383  28.71833113  11.41749005 -31.83626156
  -8.19296718]
2022-07-21 15:26:50,241 - pyswarms.single.global_best - INFO - Optimize for 1 iters with {'c1': 0.8, 'c2': 0.5, 'w': 0.7}
2022-07-21 15:26:52,191 - pyswarms.single.global_best - INFO - Optimization finished | best cost: -10.253856770792524, best pos: [-48.09034696 -30.17300403  -9.13661948  49.14035622  -9.07844821
  -0.4383808   44.41073142  -1.32293106 -29.61691613 -35.32067862
  28.65167812 -10.65553215  16.5559256   24.26368394 -19.80837396
   5.76145387]
2022-07-21 15:26:52,192 - pyswarms.single.global_best - INFO - Optimize for 1 iters with {'c1': 0.8, 'c2': 0.5, 'w': 0.7}
2022-07-21 15:26:54,080 - pyswarms.single.global_best - INFO - Optimization finished | best cost: -10.253856770792524, best pos: [-30.3019683  -32.83613034  -9.02809636  40.86124227  -8.17643242
   9.54052423 -44.7990249    0.93636102  37.83600779 -41.56477844
  30.73054949 -12.11159976  48.05784566   3.71702086 -13.80331539
   8.29306481]
2022-07-21 16:21:17,477 - pyswarms.single.global_best - INFO - Optimize for 1 iters with {'c1': 0.8, 'c2': 0.5, 'w': 0.7}
2022-07-21 16:21:28,105 - pyswarms.single.global_best - INFO - Optimization finished | best cost: -14.119941334148749, best pos: [-33.72867862 -30.88520124  17.34018209 -15.51208607  38.56581272
   6.03606866  41.85566916  13.35616884  -7.30695473   3.06329949
 -43.68224683  27.94924731  44.98233606  36.52252458  34.27366073
  47.30590252]
2022-07-21 16:21:28,106 - pyswarms.single.global_best - INFO - Optimize for 1 iters with {'c1': 0.8, 'c2': 0.5, 'w': 0.7}
2022-07-21 16:21:45,980 - pyswarms.single.global_best - INFO - Optimization finished | best cost: -203.48925617975533, best pos: [ -0.92449016 -23.45604511 -13.36440802 -44.27578121  41.57632173
   9.89063672  26.66805078  10.30378457 -32.11436956 -21.46228267
 -24.04765583 -15.94631756  47.99942643  28.57745577  16.76297093
 -32.81309338]
2022-07-21 16:21:45,981 - pyswarms.single.global_best - INFO - Optimize for 1 iters with {'c1': 0.8, 'c2': 0.5, 'w': 0.7}
2022-07-21 16:24:55,082 - pyswarms.single.global_best - INFO - Optimization finished | best cost: -242.39976871609335, best pos: [-22.37430446 -21.07285566   0.68630301 -29.15506824  25.16962649
   7.65996059   0.92380767 -18.50274223  -0.2051515   -3.80152135
 -35.40843224 -10.28248799  31.84373835  38.99926377  12.41362592
 -12.54892828]
2022-07-21 16:24:55,083 - pyswarms.single.global_best - INFO - Optimize for 1 iters with {'c1': 0.8, 'c2': 0.5, 'w': 0.7}
2022-07-21 16:30:52,113 - pyswarms.single.global_best - INFO - Optimization finished | best cost: -242.39976871609335, best pos: [-18.72284182  -7.39793876  -9.42834905 -25.47098544  34.94089161
   9.9130032   -9.38937465   3.5833672  -15.41262934  -1.81162939
 -33.50600424 -12.31801694  42.88490764  31.00952629  26.22389
 -28.13168717]
2022-07-21 16:30:52,114 - pyswarms.single.global_best - INFO - Optimize for 1 iters with {'c1': 0.8, 'c2': 0.5, 'w': 0.7}
2022-07-21 16:33:19,236 - pyswarms.single.global_best - INFO - Optimization finished | best cost: -242.39976871609335, best pos: [-12.04331241 -33.63414596  -2.52101675 -41.9142703   23.95999859
  -1.35962223  19.29028881 -27.58577438 -25.3161906    8.21453329
 -26.81318446  -4.48470852  40.84862659  46.15125373  28.4215237
 -15.10884521]
2022-07-21 16:33:19,237 - pyswarms.single.global_best - INFO - Optimize for 1 iters with {'c1': 0.8, 'c2': 0.5, 'w': 0.7}
2022-07-21 16:34:29,139 - pyswarms.single.global_best - INFO - Optimization finished | best cost: -242.39976871609335, best pos: [-31.69652322 -17.08271494  -7.93652771 -46.94075475 -45.41621363
  -5.13367952 -11.41263394  -2.66419919  -2.76917694  -3.66957324
 -41.09942027  -7.55338379  48.64586984  49.70824635  13.93840613
 -15.24882036]
2022-07-21 16:34:29,139 - pyswarms.single.global_best - INFO - Optimize for 1 iters with {'c1': 0.8, 'c2': 0.5, 'w': 0.7}
2022-07-21 16:35:22,960 - pyswarms.single.global_best - INFO - Optimization finished | best cost: -260.5219197125132, best pos: [-20.36193157 -41.12790017  13.44421235 -27.94697471  41.90784629
   2.47536536   3.92697272 -33.54776459  -3.56608871  -3.56876469
 -43.48603212   1.83862187  34.74006419  47.97315035   8.77614038
 -17.69000943]
2022-07-21 16:35:22,961 - pyswarms.single.global_best - INFO - Optimize for 1 iters with {'c1': 0.8, 'c2': 0.5, 'w': 0.7}
2022-07-21 16:36:15,338 - pyswarms.single.global_best - INFO - Optimization finished | best cost: -261.84825900442854, best pos: [-38.67146305 -37.77067663   1.1382633  -37.47044333  27.75487984
   5.2000619    1.34446312 -18.48185236 -14.28877298  -0.14876428
 -48.06530152  -1.82382392  42.62387345  -4.68850734   8.87112471
 -12.41142147]
2022-07-21 16:36:15,339 - pyswarms.single.global_best - INFO - Optimize for 1 iters with {'c1': 0.8, 'c2': 0.5, 'w': 0.7}
2022-07-21 16:37:00,884 - pyswarms.single.global_best - INFO - Optimization finished | best cost: -261.84825900442854, best pos: [-3.60964003e+01 -3.29760240e+01  5.46476580e+00 -4.02407271e+01
  2.44983867e+01  5.49565473e+00  3.37490830e-02 -4.06640116e+01
  1.73585945e+00 -1.47147818e+00 -2.40743630e+01 -2.05350489e+00
  2.82388423e+01  2.56641255e+01 -1.37699404e+00 -2.78026250e+01]
2022-07-21 16:37:00,885 - pyswarms.single.global_best - INFO - Optimize for 1 iters with {'c1': 0.8, 'c2': 0.5, 'w': 0.7}
2022-07-21 16:37:59,124 - pyswarms.single.global_best - INFO - Optimization finished | best cost: -267.42860193652314, best pos: [-41.18910448 -39.84584557   2.76935732 -34.7530809   40.80774862
   3.39348864  -5.99539684 -28.72499374 -29.61523621  -2.20899434
 -44.98598845  -1.82661932  27.49615178  30.67010408  15.93550795
 -14.336521  ]
